<?xml version="1.0" encoding="UTF-8"?>
<!-- Generated by org.testng.reporters.JUnitXMLReporter -->
<testsuite ignored="0" hostname="LAPTOP-TRJNHS4M" failures="0" tests="1" name="Test" time="0.063" errors="0" timestamp="2024-12-06T18:02:53 NZDT">
  <testcase classname="base.BaseClass" name="@BeforeClass setupBrowser" time="0.014">
    <failure type="java.lang.Error" message="Unresolved compilation problem: 
	FileInputStream cannot be resolved to a type
">
      <![CDATA[java.lang.Error: Unresolved compilation problem: 
FileInputStream cannot be resolved to a type

at dataprovider.ConfigReader.getValue(ConfigReader.java:17)
at base.BaseClass.setupBrowser(BaseClass.java:21)
at java.base/java.util.ArrayList.forEach(ArrayList.java:1596)
... Removed 23 stack frames]]>
    </failure>
  </testcase> <!-- @BeforeClass setupBrowser -->
  <testcase classname="base.BaseClass" name="@AfterClass tearDown" time="-1.733461373208E9">
    <skipped/>
  </testcase> <!-- @AfterClass tearDown -->
  <testcase classname="testcases.LoginTest" name="validLoginTest" time="0.0">
    <skipped/>
  </testcase> <!-- validLoginTest -->
</testsuite> <!-- Test -->
